<?xml version="1.0" encoding="UTF-8"?>
<testng-results skipped="0" failed="0" ignored="0" total="1" passed="1">
  <reporter-output>
  </reporter-output>
  <suite name="Default suite" duration-ms="18843" started-at="2018-01-29T07:42:18Z" finished-at="2018-01-29T07:42:37Z">
    <groups>
    </groups>
    <test name="Default test" duration-ms="18843" started-at="2018-01-29T07:42:18Z" finished-at="2018-01-29T07:42:37Z">
      <class name="com.automation.UIAutomations.uiActions.TC_02Regestration">
        <test-method status="PASS" signature="login()[pri:0, instance:com.automation.UIAutomations.uiActions.TC_02Regestration@3bfdc050]" name="login" is-config="true" duration-ms="15340" started-at="2018-01-29T13:12:18Z" finished-at="2018-01-29T13:12:33Z">
          <reporter-output>
          </reporter-output>
        </test-method> <!-- login -->
        <test-method status="PASS" signature="regestration()[pri:0, instance:com.automation.UIAutomations.uiActions.TC_02Regestration@3bfdc050]" name="regestration" duration-ms="2310" started-at="2018-01-29T13:12:33Z" finished-at="2018-01-29T13:12:35Z">
          <reporter-output>
          </reporter-output>
        </test-method> <!-- regestration -->
        <test-method status="PASS" signature="close()[pri:0, instance:com.automation.UIAutomations.uiActions.TC_02Regestration@3bfdc050]" name="close" is-config="true" duration-ms="1161" started-at="2018-01-29T13:12:35Z" finished-at="2018-01-29T13:12:37Z">
          <reporter-output>
          </reporter-output>
        </test-method> <!-- close -->
      </class> <!-- com.automation.UIAutomations.uiActions.TC_02Regestration -->
    </test> <!-- Default test -->
  </suite> <!-- Default suite -->
</testng-results>
