<?xml version="1.0" encoding="UTF-8"?>
<!-- Generated by org.testng.reporters.JUnitXMLReporter -->
<testsuite hostname="LAPTOP-1HS3OD04" ignored="0" name="Default test(failed)" tests="1" failures="0" timestamp="29 Jan 2018 07:25:57 GMT" time="0.224" errors="0">
  <testcase name="@BeforeTest login" time="0.177" classname="com.automation.UIAutomations.uiActions.TC_02Regestration">
    <failure type="java.lang.IllegalStateException" message="The driver executable does not exist: F:\New folder\UIAutomations\driver\IEDriverServer.exe">
      <![CDATA[java.lang.IllegalStateException: The driver executable does not exist: F:\New folder\UIAutomations\driver\IEDriverServer.exeat com.google.common.base.Preconditions.checkState(Preconditions.java:534)at org.openqa.selenium.remote.service.DriverService.checkExecutable(DriverService.java:136)at org.openqa.selenium.remote.service.DriverService.findExecutable(DriverService.java:131)at org.openqa.selenium.ie.InternetExplorerDriverService.access$000(InternetExplorerDriverService.java:32)at org.openqa.selenium.ie.InternetExplorerDriverService$Builder.findDefaultExecutable(InternetExplorerDriverService.java:167)at org.openqa.selenium.remote.service.DriverService$Builder.build(DriverService.java:339)at org.openqa.selenium.ie.InternetExplorerDriver.setupService(InternetExplorerDriver.java:291)at org.openqa.selenium.ie.InternetExplorerDriver.<init>(InternetExplorerDriver.java:213)at org.openqa.selenium.ie.InternetExplorerDriver.<init>(InternetExplorerDriver.java:152)at com.automation.UIAutomations.testbase.TestBase.selectBrowser(TestBase.java:35)at com.automation.UIAutomations.testbase.TestBase.init(TestBase.java:20)at com.automation.UIAutomations.uiActions.TC_02Regestration.login(TC_02Regestration.java:26)... Removed 24 stack frames]]>
    </failure>
  </testcase> <!-- @BeforeTest login -->
  <testcase name="@AfterTest close" time="0.0" classname="com.automation.UIAutomations.uiActions.TC_02Regestration">
    <skipped/>
  </testcase> <!-- @AfterTest close -->
  <testcase name="regestration" time="0.0" classname="com.automation.UIAutomations.uiActions.TC_02Regestration">
    <skipped/>
  </testcase> <!-- regestration -->
</testsuite> <!-- Default test(failed) -->
